SF:lib/util/time.dart
DA:6,3
DA:8,2
DA:13,1
DA:15,1
DA:17,3
DA:20,1
DA:21,2
DA:22,1
DA:25,1
DA:26,1
DA:27,1
DA:28,2
DA:29,1
DA:30,2
DA:31,2
DA:32,1
DA:35,1
DA:36,2
LF:18
LH:18
end_of_record
SF:lib/util/event_bus.dart
DA:20,3
DA:22,1
DA:24,2
DA:27,1
DA:31,1
DA:35,1
DA:36,4
DA:37,2
DA:40,1
DA:41,3
DA:44,1
DA:45,2
DA:46,1
DA:51,2
DA:53,1
DA:56,2
DA:63,1
DA:65,1
DA:68,1
DA:69,1
DA:71,1
DA:72,2
DA:77,1
DA:78,2
LF:24
LH:24
end_of_record
SF:lib/util/random.dart
DA:17,2
DA:23,6
DA:26,6
DA:28,2
DA:29,4
DA:30,6
DA:31,14
DA:34,14
DA:35,8
DA:38,2
DA:44,1
DA:45,1
DA:48,1
DA:54,4
DA:57,1
DA:58,6
DA:62,2
DA:69,1
DA:70,4
DA:71,2
DA:72,2
DA:73,2
DA:74,2
DA:76,0
DA:79,6
DA:83,1
DA:84,1
DA:85,4
DA:86,4
DA:87,1
DA:88,2
DA:89,1
LF:32
LH:31
end_of_record
SF:lib/data/players.dart
DA:79,1
DA:81,2
DA:82,3
DA:87,1
DA:266,2
DA:305,6
DA:307,2
DA:308,6
DA:313,6
DA:315,2
DA:316,2
DA:317,4
DA:319,12
DA:320,6
DA:321,2
DA:322,2
DA:323,2
DA:325,2
DA:326,2
DA:327,4
DA:328,2
DA:329,2
DA:331,6
DA:333,4
DA:335,10
DA:336,6
DA:338,10
DA:339,6
DA:340,4
DA:341,2
DA:342,2
DA:343,6
DA:348,2
DA:351,6
DA:353,12
DA:355,6
DA:357,1
DA:358,6
DA:377,1
DA:378,1
DA:379,1
DA:380,2
DA:381,2
DA:382,9
DA:389,1
DA:391,2
DA:392,2
DA:393,4
DA:398,1
DA:399,3
DA:409,1
DA:414,0
DA:415,0
DA:425,1
DA:431,2
DA:433,4
DA:434,3
DA:435,3
DA:436,5
DA:437,1
DA:438,1
DA:439,2
DA:440,2
DA:462,1
DA:464,2
DA:465,1
DA:466,1
DA:467,5
DA:468,2
DA:473,4
DA:474,7
DA:477,4
DA:478,7
LF:73
LH:71
end_of_record
SF:lib/util/format.dart
DA:15,1
DA:17,1
DA:19,1
DA:23,1
DA:24,1
DA:26,2
DA:27,2
DA:31,1
DA:32,1
DA:33,4
DA:34,4
DA:35,4
DA:36,1
DA:45,1
DA:46,1
DA:47,2
DA:49,1
DA:50,1
DA:51,1
DA:52,4
DA:53,2
DA:54,1
DA:58,1
DA:59,1
DA:60,1
DA:61,1
DA:62,1
DA:63,1
DA:64,1
DA:65,1
DA:67,1
DA:69,1
DA:73,1
DA:74,1
DA:75,1
DA:76,4
DA:77,4
DA:78,4
DA:79,3
DA:83,1
DA:84,4
DA:85,3
DA:86,2
DA:91,3
DA:96,1
DA:98,1
DA:99,3
DA:100,1
DA:102,7
DA:104,3
LF:50
LH:50
end_of_record
SF:lib/ui/widgets/probe_card.dart
DA:9,1
DA:20,1
DA:22,1
DA:23,1
DA:25,1
DA:26,1
DA:27,2
DA:31,1
DA:34,1
DA:35,3
DA:36,2
LF:11
LH:11
end_of_record
SF:lib/ui/widgets/probe_diorama.dart
DA:15,1
DA:24,1
DA:25,1
DA:30,1
DA:31,1
DA:32,1
DA:34,1
DA:36,2
DA:37,1
DA:40,1
DA:42,1
DA:43,1
DA:44,1
DA:45,2
DA:46,2
DA:47,1
DA:48,3
DA:51,3
DA:59,1
DA:64,1
DA:67,6
DA:68,1
DA:69,1
DA:70,1
DA:71,2
DA:79,2
DA:80,2
DA:81,4
DA:82,6
DA:83,1
DA:84,4
DA:85,6
DA:86,3
DA:91,1
DA:92,2
DA:93,1
DA:94,3
DA:95,2
DA:96,2
DA:97,5
DA:98,5
DA:102,1
DA:104,6
DA:110,1
DA:115,1
DA:117,6
DA:118,1
DA:119,1
DA:120,1
DA:121,1
DA:122,1
DA:123,1
DA:124,1
DA:125,1
DA:126,1
DA:133,3
DA:134,1
DA:137,2
DA:138,3
DA:139,6
DA:140,1
DA:143,1
LF:62
LH:62
end_of_record
SF:lib/main.dart
DA:3,0
DA:6,1
DA:8,1
LF:3
LH:2
end_of_record
SF:lib/state/save_codec.dart
DA:9,0
DA:12,1
DA:13,1
DA:15,1
DA:16,1
DA:17,1
DA:22,2
DA:25,1
DA:26,1
DA:28,3
DA:31,1
DA:33,2
DA:34,3
DA:35,2
DA:36,1
DA:37,3
DA:41,2
DA:42,3
DA:43,3
DA:44,3
DA:48,1
LF:21
LH:20
end_of_record
SF:lib/state/card_instance.dart
DA:14,2
DA:19,1
DA:20,2
DA:22,2
DA:23,4
DA:24,2
DA:27,2
DA:28,4
DA:30,3
DA:33,4
DA:36,8
DA:39,6
DA:42,2
DA:45,2
DA:47,2
DA:49,2
DA:52,3
DA:54,0
DA:57,2
DA:65,6
DA:68,3
DA:70,0
DA:71,0
LF:23
LH:20
end_of_record
SF:lib/data/config.dart
DA:17,0
DA:31,0
DA:40,0
DA:72,0
DA:123,0
DA:140,0
DA:160,0
DA:179,0
DA:191,0
DA:198,0
LF:10
LH:0
end_of_record
SF:lib/data/divisions.dart
DA:32,2
DA:145,6
DA:148,4
DA:151,1
DA:152,4
DA:153,6
LF:6
LH:6
end_of_record
SF:lib/data/club_assets.dart
DA:24,0
DA:52,2
DA:53,1
DA:54,2
DA:63,1
DA:122,1
DA:123,3
DA:124,3
DA:125,3
DA:126,1
DA:128,7
DA:134,4
DA:135,3
DA:136,1
DA:137,1
DA:139,4
DA:140,3
DA:144,1
DA:145,4
DA:149,2
DA:152,1
DA:153,6
DA:166,4
DA:171,3
DA:178,1
DA:179,1
DA:180,3
DA:186,3
DA:188,1
DA:189,1
DA:190,1
DA:191,2
DA:192,1
DA:193,2
DA:202,1
DA:203,1
DA:204,1
DA:205,2
DA:206,2
DA:207,2
DA:208,2
DA:209,2
DA:210,2
DA:227,2
DA:228,1
DA:229,3
DA:234,1
DA:235,1
LF:48
LH:47
end_of_record
SF:lib/data/cups.dart
DA:12,1
DA:94,1
DA:95,2
DA:96,2
LF:4
LH:4
end_of_record
SF:lib/data/formations.dart
DA:17,1
DA:31,1
DA:46,1
DA:56,1
DA:57,1
DA:58,1
DA:59,1
DA:60,0
DA:63,0
DA:64,0
DA:162,1
DA:163,2
DA:173,1
DA:178,1
DA:179,2
DA:181,1
DA:182,1
DA:183,4
DA:190,1
DA:191,2
DA:194,1
DA:195,1
DA:196,1
DA:197,1
DA:198,1
DA:200,2
DA:201,1
DA:202,2
DA:203,3
DA:210,1
DA:211,2
DA:212,2
DA:214,2
DA:215,1
DA:220,1
DA:221,1
DA:222,1
DA:223,1
DA:224,1
DA:232,1
DA:233,1
DA:234,3
DA:235,2
DA:238,4
DA:239,2
DA:240,4
LF:46
LH:43
end_of_record
SF:lib/services/legacy_save_bridge.dart
DA:9,1
DA:19,1
DA:21,2
DA:22,1
DA:23,1
DA:25,0
LF:6
LH:5
end_of_record
